Build started 17.12.2015 21:40:54.
     1>Project "C:\Users\user\documents\visual studio 2013\Projects\19agustos\19agustos\19agustos.vcxproj" on node 2 (Build target(s)).
     1>ClCompile:
         C:\Program Files (x86)\Microsoft Visual Studio 12.0\VC\bin\x86_amd64\CL.exe /c /Zi /nologo /W3 /WX- /sdl /O2 /Oi /GL /D "WIN32" /D NDEBUG /D _CONSOLE /D "_LIB" /D "_UNICODE" /D "UNICODE" /Gm- /EHsc /MD /GS /Gy /fp:precise /Zc:wchar_t /Zc:forScope /Fo"x64\Release\\" /Fd"x64\Release\vc120.pdb" /Gd /TP /errorReport:prompt Source.cpp
         Source.cpp
     1>Source.cpp(1): fatal error C1083: Cannot open include file: 'opencv2\opencv.hpp': No such file or directory
     1>Done Building Project "C:\Users\user\documents\visual studio 2013\Projects\19agustos\19agustos\19agustos.vcxproj" (Build target(s)) -- FAILED.

Build FAILED.

Time Elapsed 00:00:00.31
